<?xml version="1.0" encoding="UTF-8" standalone="no"?>
<testsuite errors="0" failures="0" name="io.cucumber.core.plugin.JUnitFormatter" skipped="0" tests="1" time="98.942">
    <testcase classname="Registration CUBEforall" name="Registration with happy flow 2" time="98.313">
        <system-out>
            <![CDATA[Given go to main web........................................................passed
Given press sign in button..................................................passed
When registration with new account and login................................passed
]]>
        </system-out>
    </testcase>
</testsuite>
