<?xml version="1.0" encoding="UTF-8" standalone="no"?>
<testsuite errors="0" failures="1" name="io.cucumber.core.plugin.JUnitFormatter" skipped="0" tests="1" time="273.471">
    <testcase classname="2255 Post payment for subscription and transaction charge" name="Post payment setup for China company, Subscription and transaction charge as China user" time="272.103">
        <failure message="Index 11 out of bounds for length 7" type="java.lang.IndexOutOfBoundsException">
            <![CDATA[Given go to main web........................................................passed
Given press sign in button..................................................passed
And registration with new account and try login china.......................passed
And will redirected to suggested company list which match with domain name of the users.passed
When system didn't found the suggested company matched......................passed
And input company name "mailinatorCCNPEGASUS_QA"............................passed
And input company registration "CCNPEGASUS_QA1".............................passed
And input company type "GSA"................................................passed
And input country "CN - CHINA"..............................................passed
And input city "CAN"........................................................passed
And theres button to create company with the status was enabled to create company.passed
Then the user was able to create a new company..............................passed
When press create company button............................................passed
And input contact details IATA membership number "00000001".................passed
And input contact details CASS number "11111111"............................passed
And input registered office address "101 Cantonment road" for company detail.passed
And input post code "089774" for company detail.............................passed
And input company email "qa-ccn-22869@mailinator.com" for company detail....passed
And input mobile number detail company "1111111111" for company detail......passed
And input mailing address complete from same as registered company address..passed
And input contact details name "gsa sg 1"...................................passed
And input contact details designation "marketing"...........................passed
And input contact details mobile no "081234567891"..........................passed
And input contact details email "qa-ccn-22869@mailinator.com"...............passed
And press submit create company.............................................passed
Then will displayed pop up for post payment setup...........................passed
And click proceed pop up button for creating company to the post payment....passed
Then finally successfully to the setup post payment.........................passed
And receive email notification giro setup...................................passed
Given "User A" click product tab to subscribe to product....................passed
And Select plan "Plan A" "Bundle (AWB, BC) Non Company".....................failed

StackTrace:
java.lang.IndexOutOfBoundsException: Index 11 out of bounds for length 7
	at java.base/jdk.internal.util.Preconditions.outOfBounds(Preconditions.java:64)
	at java.base/jdk.internal.util.Preconditions.outOfBoundsCheckIndex(Preconditions.java:70)
	at java.base/jdk.internal.util.Preconditions.checkIndex(Preconditions.java:248)
	at java.base/java.util.Objects.checkIndex(Objects.java:372)
	at java.base/java.util.ArrayList.get(ArrayList.java:458)
	at java.base/jdk.internal.reflect.NativeMethodAccessorImpl.invoke0(Native Method)
	at java.base/jdk.internal.reflect.NativeMethodAccessorImpl.invoke(NativeMethodAccessorImpl.java:62)
	at java.base/jdk.internal.reflect.DelegatingMethodAccessorImpl.invoke(DelegatingMethodAccessorImpl.java:43)
	at java.base/java.lang.reflect.Method.invoke(Method.java:566)
	at org.openqa.selenium.support.pagefactory.internal.LocatingElementListHandler.invoke(LocatingElementListHandler.java:39)
	at com.sun.proxy.$Proxy37.get(Unknown Source)
	at com.versiontwo.ccn.scenariopage.SubscriptionPage.selectPlanPoduct(SubscriptionPage.java:807)
	at com.versiontwo.ccn.glue.StepDefinition.select_plan(StepDefinition.java:1467)
	at ✽.Select plan "Plan A" "Bundle (AWB, BC) Non Company"(file:///E:/CCN-%20GLINTS/CCN_Script/com.versiontwo.ccn/src/test/resources/features/2255_Postpayment.feature:130)
]]>
        </failure>
    </testcase>
</testsuite>
