<?xml version="1.0" encoding="UTF-8" standalone="no"?>
<testsuite errors="0" failures="1" name="io.cucumber.core.plugin.JUnitFormatter" skipped="0" tests="1" time="7.527">
    <testcase classname="Quotation Request Product Plan" name="Offline payment User level Subscribe &quot;Quotation Request&quot; plan with &quot;active&quot; status, user count &quot;1&quot; billing cycle &quot;-&quot; and get email user side" time="6.707">
        <failure message="unknown error: net::ERR_CONNECTION_RESET&#10;  (Session info: chrome=120.0.6099.227)&#10;Build info: version: '4.15.0', revision: '1d14b5521b'&#10;System info: os.name: 'Windows 10', os.arch: 'amd64', os.version: '10.0', java.version: '11.0.2'&#10;Driver info: org.openqa.selenium.chrome.ChromeDriver&#10;Command: [49d6d57ba6793ceca0cce689132358c5, get {url=https://sandbox.cubeforall.com/}]&#10;Capabilities {acceptInsecureCerts: false, browserName: chrome, browserVersion: 120.0.6099.227, chrome: {chromedriverVersion: 119.0.6045.105 (38c72552c5e..., userDataDir: C:\Users\ACER\AppData\Local...}, fedcm:accounts: true, goog:chromeOptions: {debuggerAddress: localhost:51682}, networkConnectionEnabled: false, pageLoadStrategy: normal, platformName: windows, proxy: Proxy(), se:cdp: ws://localhost:51682/devtoo..., se:cdpVersion: 120.0.6099.227, setWindowRect: true, strictFileInteractability: false, timeouts: {implicit: 0, pageLoad: 300000, script: 30000}, unhandledPromptBehavior: dismiss and notify, webauthn:extension:credBlob: true, webauthn:extension:largeBlob: true, webauthn:extension:minPinLength: true, webauthn:extension:prf: true, webauthn:virtualAuthenticators: true}&#10;Session ID: 49d6d57ba6793ceca0cce689132358c5" type="org.openqa.selenium.WebDriverException">
            <![CDATA[Given accept cookie.........................................................failed
When click initial sign in button...........................................skipped
When input email sgqa-ccn-72920@mailinator.com and password CCNPegasus123 and press sign in to continue login.skipped
And back to the main tab browser............................................skipped
Given "User A" click product tab to subscribe to product....................skipped
And Select plan "Plan A" "Quotation Request"................................skipped
And Subscribe plan "Quotation Request"......................................skipped
And go to my icon account menu "My Subscriptions"...........................skipped
And open email mailinator after login.......................................skipped

StackTrace:
org.openqa.selenium.WebDriverException: unknown error: net::ERR_CONNECTION_RESET
  (Session info: chrome=120.0.6099.227)
Build info: version: '4.15.0', revision: '1d14b5521b'
System info: os.name: 'Windows 10', os.arch: 'amd64', os.version: '10.0', java.version: '11.0.2'
Driver info: org.openqa.selenium.chrome.ChromeDriver
Command: [49d6d57ba6793ceca0cce689132358c5, get {url=https://sandbox.cubeforall.com/}]
Capabilities {acceptInsecureCerts: false, browserName: chrome, browserVersion: 120.0.6099.227, chrome: {chromedriverVersion: 119.0.6045.105 (38c72552c5e..., userDataDir: C:\Users\ACER\AppData\Local...}, fedcm:accounts: true, goog:chromeOptions: {debuggerAddress: localhost:51682}, networkConnectionEnabled: false, pageLoadStrategy: normal, platformName: windows, proxy: Proxy(), se:cdp: ws://localhost:51682/devtoo..., se:cdpVersion: 120.0.6099.227, setWindowRect: true, strictFileInteractability: false, timeouts: {implicit: 0, pageLoad: 300000, script: 30000}, unhandledPromptBehavior: dismiss and notify, webauthn:extension:credBlob: true, webauthn:extension:largeBlob: true, webauthn:extension:minPinLength: true, webauthn:extension:prf: true, webauthn:virtualAuthenticators: true}
Session ID: 49d6d57ba6793ceca0cce689132358c5
	at java.base/jdk.internal.reflect.NativeConstructorAccessorImpl.newInstance0(Native Method)
	at java.base/jdk.internal.reflect.NativeConstructorAccessorImpl.newInstance(NativeConstructorAccessorImpl.java:62)
	at java.base/jdk.internal.reflect.DelegatingConstructorAccessorImpl.newInstance(DelegatingConstructorAccessorImpl.java:45)
	at java.base/java.lang.reflect.Constructor.newInstance(Constructor.java:490)
	at org.openqa.selenium.remote.codec.w3c.W3CHttpResponseCodec.createException(W3CHttpResponseCodec.java:200)
	at org.openqa.selenium.remote.codec.w3c.W3CHttpResponseCodec.decode(W3CHttpResponseCodec.java:133)
	at org.openqa.selenium.remote.codec.w3c.W3CHttpResponseCodec.decode(W3CHttpResponseCodec.java:52)
	at org.openqa.selenium.remote.HttpCommandExecutor.execute(HttpCommandExecutor.java:191)
	at org.openqa.selenium.remote.service.DriverCommandExecutor.invokeExecute(DriverCommandExecutor.java:200)
	at org.openqa.selenium.remote.service.DriverCommandExecutor.execute(DriverCommandExecutor.java:175)
	at org.openqa.selenium.remote.RemoteWebDriver.execute(RemoteWebDriver.java:607)
	at org.openqa.selenium.remote.RemoteWebDriver.get(RemoteWebDriver.java:309)
	at com.versiontwo.ccn.glue.StepDefinition.accept_cookie(StepDefinition.java:98)
	at ✽.accept cookie(file:///E:/CCN-%20GLINTS/CCN_Script/com.versiontwo.ccn/src/test/resources/features/subscription_quotation_request.feature:5)
]]>
        </failure>
    </testcase>
</testsuite>
