<?xml version="1.0" encoding="UTF-8" standalone="no"?>
<testsuite errors="0" failures="1" name="io.cucumber.core.plugin.JUnitFormatter" skipped="0" tests="1" time="142.011">
    <testcase classname="2255 CMS Geolocation feature � Allow pricing info by countries" name="SG User views CUBEforall website and bundle plan A on product page" time="141.364">
        <failure message="target frame detached&#10;  (failed to check if window was closed: disconnected: Unable to receive message from renderer)&#10;  (Session info: chrome=120.0.6099.130)&#10;Build info: version: '4.15.0', revision: '1d14b5521b'&#10;System info: os.name: 'Windows 10', os.arch: 'amd64', os.version: '10.0', java.version: '11.0.2'&#10;Driver info: org.openqa.selenium.chrome.ChromeDriver&#10;Command: [1c87414b14ab685f9154571af0d0ab47, findElement {using=id, value=cube-company-name}]&#10;Capabilities {acceptInsecureCerts: false, browserName: chrome, browserVersion: 120.0.6099.130, chrome: {chromedriverVersion: 119.0.6045.105 (38c72552c5e..., userDataDir: C:\Users\ACER\AppData\Local...}, fedcm:accounts: true, goog:chromeOptions: {debuggerAddress: localhost:51182}, networkConnectionEnabled: false, pageLoadStrategy: normal, platformName: windows, proxy: Proxy(), se:cdp: ws://localhost:51182/devtoo..., se:cdpVersion: 120.0.6099.130, setWindowRect: true, strictFileInteractability: false, timeouts: {implicit: 0, pageLoad: 300000, script: 30000}, unhandledPromptBehavior: dismiss and notify, webauthn:extension:credBlob: true, webauthn:extension:largeBlob: true, webauthn:extension:minPinLength: true, webauthn:extension:prf: true, webauthn:virtualAuthenticators: true}&#10;Session ID: 1c87414b14ab685f9154571af0d0ab47" type="org.openqa.selenium.WebDriverException">
            <![CDATA[Given go to main web........................................................passed
Given press sign in button..................................................passed
And registration with new account and try login singapore...................passed
And will redirected to suggested company list which match with domain name of the users.passed
When system didn't found the suggested company matched......................passed
And input company name "mailinatorCCNPEGASUS_QA"............................failed
And input company registration "CCNPEGASUS_QA1".............................skipped
And input company type "GSA"................................................skipped
And input country "SG - SINGAPORE"..........................................skipped
And input city "SIN"........................................................skipped
And theres button to create company with the status was enabled to create company.skipped
Then the user was able to create a new company..............................skipped
When press create company button............................................skipped
And input contact details IATA membership number "00000001".................skipped
And input contact details CASS number "11111111"............................skipped
And input registered office address "101 Cantonment road" for company detail.skipped
And input post code "089774" for company detail.............................skipped
And input company email "qa-ccn-22869@mailinator.com" for company detail....skipped
And input mobile number detail company "1111111111" for company detail......skipped
And input mailing address complete from same as registered company address..skipped
And input contact details name "gsa sg 1"...................................skipped
And input contact details designation "marketing"...........................skipped
And input contact details mobile no "081234567891"..........................skipped
And input contact details email "qa-ccn-22869@mailinator.com"...............skipped
And press submit create company.............................................skipped
Then will displayed pop up for post payment setup...........................skipped
And click proceed pop up button for creating company to the post payment....skipped
And click ok button from pop up confirmation that tells GIRO setup instructions has been sent to email.skipped
Then finally successfully to the setup post payment.........................skipped
And receive email notification giro setup...................................skipped
Given "User A" click product tab to subscribe to product....................skipped
And Select plan "Plan A" "Bundle (LFS BC) Company Level"....................skipped
And Press Subscribe checkbox for the Bundle LFS BC Company Level plan complimentary subscription agreement.skipped
And Press Subscribe button for the Bundle LFS BC Company Level plan complimentary subscription.skipped
Then Validate subscription Successful for plan "Plan A" "Bundle (LFS BC) Company Level" pop up massage.skipped
And Validate country "SG - SINGAPORE" csm geolocation.......................skipped
And input checkout payment cardNumber form..................................skipped
And input checkout payment cardExpiry form..................................skipped
And input checkout payment cardCvc form.....................................skipped
And input checkout payment billingName form.................................skipped
And select checkout payment country.........................................skipped
And click checkbox Securely save my information for 1-click checkout........skipped

StackTrace:
org.openqa.selenium.WebDriverException: target frame detached
  (failed to check if window was closed: disconnected: Unable to receive message from renderer)
  (Session info: chrome=120.0.6099.130)
Build info: version: '4.15.0', revision: '1d14b5521b'
System info: os.name: 'Windows 10', os.arch: 'amd64', os.version: '10.0', java.version: '11.0.2'
Driver info: org.openqa.selenium.chrome.ChromeDriver
Command: [1c87414b14ab685f9154571af0d0ab47, findElement {using=id, value=cube-company-name}]
Capabilities {acceptInsecureCerts: false, browserName: chrome, browserVersion: 120.0.6099.130, chrome: {chromedriverVersion: 119.0.6045.105 (38c72552c5e..., userDataDir: C:\Users\ACER\AppData\Local...}, fedcm:accounts: true, goog:chromeOptions: {debuggerAddress: localhost:51182}, networkConnectionEnabled: false, pageLoadStrategy: normal, platformName: windows, proxy: Proxy(), se:cdp: ws://localhost:51182/devtoo..., se:cdpVersion: 120.0.6099.130, setWindowRect: true, strictFileInteractability: false, timeouts: {implicit: 0, pageLoad: 300000, script: 30000}, unhandledPromptBehavior: dismiss and notify, webauthn:extension:credBlob: true, webauthn:extension:largeBlob: true, webauthn:extension:minPinLength: true, webauthn:extension:prf: true, webauthn:virtualAuthenticators: true}
Session ID: 1c87414b14ab685f9154571af0d0ab47
	at java.base/jdk.internal.reflect.NativeConstructorAccessorImpl.newInstance0(Native Method)
	at java.base/jdk.internal.reflect.NativeConstructorAccessorImpl.newInstance(NativeConstructorAccessorImpl.java:62)
	at java.base/jdk.internal.reflect.DelegatingConstructorAccessorImpl.newInstance(DelegatingConstructorAccessorImpl.java:45)
	at java.base/java.lang.reflect.Constructor.newInstance(Constructor.java:490)
	at org.openqa.selenium.remote.codec.w3c.W3CHttpResponseCodec.createException(W3CHttpResponseCodec.java:200)
	at org.openqa.selenium.remote.codec.w3c.W3CHttpResponseCodec.decode(W3CHttpResponseCodec.java:133)
	at org.openqa.selenium.remote.codec.w3c.W3CHttpResponseCodec.decode(W3CHttpResponseCodec.java:52)
	at org.openqa.selenium.remote.HttpCommandExecutor.execute(HttpCommandExecutor.java:191)
	at org.openqa.selenium.remote.service.DriverCommandExecutor.invokeExecute(DriverCommandExecutor.java:200)
	at org.openqa.selenium.remote.service.DriverCommandExecutor.execute(DriverCommandExecutor.java:175)
	at org.openqa.selenium.remote.RemoteWebDriver.execute(RemoteWebDriver.java:607)
	at org.openqa.selenium.remote.ElementLocation$ElementFinder$2.findElement(ElementLocation.java:165)
	at org.openqa.selenium.remote.ElementLocation.findElement(ElementLocation.java:59)
	at org.openqa.selenium.remote.RemoteWebDriver.findElement(RemoteWebDriver.java:364)
	at org.openqa.selenium.remote.RemoteWebDriver.findElement(RemoteWebDriver.java:358)
	at org.openqa.selenium.support.ui.ExpectedConditions$7.apply(ExpectedConditions.java:194)
	at org.openqa.selenium.support.ui.ExpectedConditions$7.apply(ExpectedConditions.java:190)
	at org.openqa.selenium.support.ui.ExpectedConditions$22.apply(ExpectedConditions.java:627)
	at org.openqa.selenium.support.ui.ExpectedConditions$22.apply(ExpectedConditions.java:624)
	at org.openqa.selenium.support.ui.FluentWait.until(FluentWait.java:204)
	at com.versiontwo.ccn.scenariopage.CompanyPage.inputCompanyNameOnMyCompany(CompanyPage.java:439)
	at com.versiontwo.ccn.glue.StepDefinition.inputCompanyName(StepDefinition.java:692)
	at ✽.input company name "mailinatorCCNPEGASUS_QA"(file:///E:/CCN-%20GLINTS/CCN_Script/com.versiontwo.ccn/src/test/resources/features/2104CMS_Geolocation.feature:15)
]]>
        </failure>
    </testcase>
</testsuite>
